Connecting to database specified by database.yml


Started GET "/assets/rails.png" for 127.0.0.1 at 2015-08-16 21:51:38 -0400
Served asset /rails.png - 200 OK (7ms)
Connecting to database specified by database.yml
Connecting to database specified by database.yml
Connecting to database specified by database.yml
Connecting to database specified by database.yml
Connecting to database specified by database.yml
Connecting to database specified by database.yml
Connecting to database specified by database.yml


Started GET "/assets/rails.png" for 127.0.0.1 at 2015-08-16 22:00:19 -0400
Served asset /rails.png - 304 Not Modified (4ms)
Connecting to database specified by database.yml
Connecting to database specified by database.yml
  [1m[36m (0.7ms)[0m  [1mSELECT "schema_migrations"."version" FROM "schema_migrations" [0m
Migrating to CreateTodos (20150817020857)
  [1m[35m (0.3ms)[0m  BEGIN
  [1m[36m (96.9ms)[0m  [1mCREATE TABLE "todos" ("id" serial primary key, "title" character varying(255), "notes" text, "created_at" timestamp NOT NULL, "updated_at" timestamp NOT NULL) [0m
  [1m[35m (0.5ms)[0m  INSERT INTO "schema_migrations" ("version") VALUES ('20150817020857')
  [1m[36m (15.4ms)[0m  [1mCOMMIT[0m
  [1m[35m (0.3ms)[0m  SELECT "schema_migrations"."version" FROM "schema_migrations" 
Connecting to database specified by database.yml
  [1m[36m (0.9ms)[0m  [1mSELECT "schema_migrations"."version" FROM "schema_migrations" [0m
  [1m[35m (0.2ms)[0m  BEGIN
  [1m[36mSQL (44.3ms)[0m  [1mINSERT INTO "todos" ("created_at", "notes", "title", "updated_at") VALUES ($1, $2, $3, $4) RETURNING "id"[0m  [["created_at", Mon, 17 Aug 2015 02:10:42 UTC +00:00], ["notes", "pickles, eggs, red onion"], ["title", "grocery shopping"], ["updated_at", Mon, 17 Aug 2015 02:10:42 UTC +00:00]]
  [1m[35m (17.1ms)[0m  COMMIT
  [1m[36m (0.5ms)[0m  [1mBEGIN[0m
  [1m[35mSQL (2.6ms)[0m  INSERT INTO "todos" ("created_at", "notes", "title", "updated_at") VALUES ($1, $2, $3, $4) RETURNING "id"  [["created_at", Mon, 17 Aug 2015 02:10:42 UTC +00:00], ["notes", nil], ["title", "wash the car"], ["updated_at", Mon, 17 Aug 2015 02:10:42 UTC +00:00]]
  [1m[36m (13.4ms)[0m  [1mCOMMIT[0m
  [1m[35m (0.3ms)[0m  BEGIN
  [1m[36mSQL (2.1ms)[0m  [1mINSERT INTO "todos" ("created_at", "notes", "title", "updated_at") VALUES ($1, $2, $3, $4) RETURNING "id"[0m  [["created_at", Mon, 17 Aug 2015 02:10:42 UTC +00:00], ["notes", "Register Kira for Ruby Junior High and Caleb for Rails High School"], ["title", "register kids for school"], ["updated_at", Mon, 17 Aug 2015 02:10:42 UTC +00:00]]
  [1m[35m (13.6ms)[0m  COMMIT
  [1m[36m (0.5ms)[0m  [1mBEGIN[0m
  [1m[35mSQL (1.6ms)[0m  INSERT INTO "todos" ("created_at", "notes", "title", "updated_at") VALUES ($1, $2, $3, $4) RETURNING "id"  [["created_at", Mon, 17 Aug 2015 02:10:42 UTC +00:00], ["notes", "The check engine light is on in the Tacoma"], ["title", "check engine light"], ["updated_at", Mon, 17 Aug 2015 02:10:42 UTC +00:00]]
  [1m[36m (14.4ms)[0m  [1mCOMMIT[0m
  [1m[35m (0.5ms)[0m  BEGIN
  [1m[36mSQL (1.7ms)[0m  [1mINSERT INTO "todos" ("created_at", "notes", "title", "updated_at") VALUES ($1, $2, $3, $4) RETURNING "id"[0m  [["created_at", Mon, 17 Aug 2015 02:10:42 UTC +00:00], ["notes", "Take Pinky and Redford to the groomers on Wednesday the 23rd"], ["title", "dog groomers"], ["updated_at", Mon, 17 Aug 2015 02:10:42 UTC +00:00]]
  [1m[35m (4.5ms)[0m  COMMIT
Connecting to database specified by database.yml
Connecting to database specified by database.yml


Started GET "/assets/rails.png" for 127.0.0.1 at 2015-08-16 22:15:09 -0400
Served asset /rails.png - 200 OK (4ms)


Started GET "/assets/rails.png" for 127.0.0.1 at 2015-08-16 22:15:25 -0400
Served asset /rails.png - 304 Not Modified (0ms)


Started GET "/todos/index" for 127.0.0.1 at 2015-08-16 22:16:33 -0400
Processing by TodosController#show as HTML
  Parameters: {"id"=>"index"}
  [1m[36mTodo Load (1.9ms)[0m  [1mSELECT "todos".* FROM "todos" WHERE "todos"."id" = $1 LIMIT 1[0m  [["id", "index"]]
Completed 404 Not Found in 90ms

ActiveRecord::RecordNotFound (Couldn't find Todo with id=index):
  app/controllers/todos_controller.rb:16:in `show'


  Rendered /home/v-munny/.rvm/gems/ruby-1.9.3-p551/gems/actionpack-3.2.13/lib/action_dispatch/middleware/templates/rescues/_trace.erb (2.3ms)
  Rendered /home/v-munny/.rvm/gems/ruby-1.9.3-p551/gems/actionpack-3.2.13/lib/action_dispatch/middleware/templates/rescues/_request_and_response.erb (1.7ms)
  Rendered /home/v-munny/.rvm/gems/ruby-1.9.3-p551/gems/actionpack-3.2.13/lib/action_dispatch/middleware/templates/rescues/diagnostics.erb within rescues/layout (17.4ms)
Connecting to database specified by database.yml


Started GET "/assets/rails.png" for 127.0.0.1 at 2015-08-16 22:19:03 -0400
Served asset /rails.png - 304 Not Modified (4ms)


Started GET "/devtest" for 127.0.0.1 at 2015-08-16 22:19:12 -0400
Processing by TodosController#index as HTML
  [1m[36mTodo Load (1.0ms)[0m  [1mSELECT "todos".* FROM "todos" [0m
  Rendered todos/index.html.erb within layouts/application (14.4ms)
Compiled scaffold.css  (0ms)  (pid 6289)
Compiled todos.css  (0ms)  (pid 6289)
Compiled application.css  (19ms)  (pid 6289)
Compiled jquery.js  (37ms)  (pid 6289)
Compiled jquery_ujs.js  (0ms)  (pid 6289)
Compiled todos.js  (0ms)  (pid 6289)
Compiled application.js  (75ms)  (pid 6289)
Completed 200 OK in 368ms (Views: 235.2ms | ActiveRecord: 16.7ms)


Started GET "/assets/todos.css?body=1" for 127.0.0.1 at 2015-08-16 22:19:13 -0400
Served asset /todos.css - 200 OK (3ms)


Started GET "/assets/todos.js?body=1" for 127.0.0.1 at 2015-08-16 22:19:13 -0400
Served asset /todos.js - 200 OK (2ms)


Started GET "/assets/application.css?body=1" for 127.0.0.1 at 2015-08-16 22:19:13 -0400
Served asset /application.css - 200 OK (16ms)


Started GET "/assets/scaffold.css?body=1" for 127.0.0.1 at 2015-08-16 22:19:13 -0400
Served asset /scaffold.css - 200 OK (3ms)


Started GET "/assets/jquery_ujs.js?body=1" for 127.0.0.1 at 2015-08-16 22:19:13 -0400
Served asset /jquery_ujs.js - 200 OK (4ms)


Started GET "/assets/jquery.js?body=1" for 127.0.0.1 at 2015-08-16 22:19:13 -0400
Served asset /jquery.js - 200 OK (6ms)


Started GET "/assets/application.js?body=1" for 127.0.0.1 at 2015-08-16 22:19:13 -0400
Served asset /application.js - 200 OK (10ms)
Connecting to database specified by database.yml


Started GET "/devtest" for 127.0.0.1 at 2015-08-16 22:26:15 -0400
Processing by TodosController#index as HTML
  [1m[36mTodo Load (1.1ms)[0m  [1mSELECT "todos".* FROM "todos" [0m
  Rendered todos/index.html.erb within layouts/application (14.3ms)
Compiled application.css  (8338ms)  (pid 6351)
Compiled bootstrap/affix.js  (0ms)  (pid 6351)
Compiled bootstrap/alert.js  (0ms)  (pid 6351)
Compiled bootstrap/button.js  (0ms)  (pid 6351)
Compiled bootstrap/carousel.js  (0ms)  (pid 6351)
Compiled bootstrap/collapse.js  (0ms)  (pid 6351)
Compiled bootstrap/dropdown.js  (0ms)  (pid 6351)
Compiled bootstrap/tab.js  (0ms)  (pid 6351)
Compiled bootstrap/transition.js  (0ms)  (pid 6351)
Compiled bootstrap/scrollspy.js  (0ms)  (pid 6351)
Compiled bootstrap/modal.js  (0ms)  (pid 6351)
Compiled bootstrap/tooltip.js  (0ms)  (pid 6351)
Compiled bootstrap/popover.js  (0ms)  (pid 6351)
Compiled bootstrap-sprockets.js  (263ms)  (pid 6351)
Compiled application.js  (343ms)  (pid 6351)
Completed 200 OK in 9039ms (Views: 8897.0ms | ActiveRecord: 17.7ms)


Started GET "/assets/application.css?body=1" for 127.0.0.1 at 2015-08-16 22:26:24 -0400
Served asset /application.css - 200 OK (16ms)


Started GET "/assets/bootstrap/button.js?body=1" for 127.0.0.1 at 2015-08-16 22:26:24 -0400
Served asset /bootstrap/button.js - 200 OK (7ms)


Started GET "/assets/bootstrap/affix.js?body=1" for 127.0.0.1 at 2015-08-16 22:26:24 -0400
Served asset /bootstrap/affix.js - 200 OK (4ms)


Started GET "/assets/bootstrap/alert.js?body=1" for 127.0.0.1 at 2015-08-16 22:26:24 -0400
Served asset /bootstrap/alert.js - 200 OK (5ms)


Started GET "/assets/jquery_ujs.js?body=1" for 127.0.0.1 at 2015-08-16 22:26:25 -0400
Served asset /jquery_ujs.js - 304 Not Modified (8ms)


Started GET "/assets/jquery.js?body=1" for 127.0.0.1 at 2015-08-16 22:26:25 -0400
Served asset /jquery.js - 304 Not Modified (7ms)


Started GET "/assets/bootstrap/carousel.js?body=1" for 127.0.0.1 at 2015-08-16 22:26:25 -0400
Served asset /bootstrap/carousel.js - 200 OK (4ms)


Started GET "/assets/bootstrap/collapse.js?body=1" for 127.0.0.1 at 2015-08-16 22:26:25 -0400
Served asset /bootstrap/collapse.js - 200 OK (4ms)


Started GET "/assets/bootstrap/dropdown.js?body=1" for 127.0.0.1 at 2015-08-16 22:26:25 -0400
Served asset /bootstrap/dropdown.js - 200 OK (4ms)


Started GET "/assets/bootstrap/tab.js?body=1" for 127.0.0.1 at 2015-08-16 22:26:25 -0400
Served asset /bootstrap/tab.js - 200 OK (4ms)


Started GET "/assets/bootstrap/transition.js?body=1" for 127.0.0.1 at 2015-08-16 22:26:25 -0400
Served asset /bootstrap/transition.js - 200 OK (8ms)


Started GET "/assets/bootstrap/scrollspy.js?body=1" for 127.0.0.1 at 2015-08-16 22:26:25 -0400
Served asset /bootstrap/scrollspy.js - 200 OK (8ms)


Started GET "/assets/bootstrap/modal.js?body=1" for 127.0.0.1 at 2015-08-16 22:26:25 -0400
Served asset /bootstrap/modal.js - 200 OK (4ms)


Started GET "/assets/bootstrap/popover.js?body=1" for 127.0.0.1 at 2015-08-16 22:26:25 -0400
Served asset /bootstrap/popover.js - 200 OK (4ms)


Started GET "/assets/bootstrap/tooltip.js?body=1" for 127.0.0.1 at 2015-08-16 22:26:25 -0400
Served asset /bootstrap/tooltip.js - 200 OK (7ms)


Started GET "/assets/bootstrap-sprockets.js?body=1" for 127.0.0.1 at 2015-08-16 22:26:25 -0400
Served asset /bootstrap-sprockets.js - 200 OK (32ms)


Started GET "/assets/todos.js?body=1" for 127.0.0.1 at 2015-08-16 22:26:25 -0400
Served asset /todos.js - 304 Not Modified (3ms)


Started GET "/assets/application.js?body=1" for 127.0.0.1 at 2015-08-16 22:26:25 -0400
Served asset /application.js - 200 OK (94ms)
Connecting to database specified by database.yml


Started GET "/assets/rails.png" for 127.0.0.1 at 2015-08-17 17:57:38 -0400
Served asset /rails.png - 304 Not Modified (3ms)


Started GET "/" for 127.0.0.1 at 2015-08-17 17:59:48 -0400
Processing by TodosController#index as HTML
  [1m[36mTodo Load (1.3ms)[0m  [1mSELECT "todos".* FROM "todos" [0m
  Rendered todos/index.html.erb within layouts/application (16.7ms)
Completed 200 OK in 336ms (Views: 178.9ms | ActiveRecord: 20.1ms)


Started GET "/assets/application.css?body=1" for 127.0.0.1 at 2015-08-17 17:59:49 -0400
Served asset /application.css - 304 Not Modified (15ms)


Started GET "/assets/jquery.js?body=1" for 127.0.0.1 at 2015-08-17 17:59:49 -0400
Served asset /jquery.js - 304 Not Modified (8ms)


Started GET "/assets/bootstrap/affix.js?body=1" for 127.0.0.1 at 2015-08-17 17:59:49 -0400
Served asset /bootstrap/affix.js - 304 Not Modified (6ms)


Started GET "/assets/jquery_ujs.js?body=1" for 127.0.0.1 at 2015-08-17 17:59:49 -0400
Served asset /jquery_ujs.js - 304 Not Modified (5ms)


Started GET "/assets/bootstrap/alert.js?body=1" for 127.0.0.1 at 2015-08-17 17:59:49 -0400
Served asset /bootstrap/alert.js - 304 Not Modified (5ms)


Started GET "/assets/bootstrap/button.js?body=1" for 127.0.0.1 at 2015-08-17 17:59:49 -0400
Served asset /bootstrap/button.js - 304 Not Modified (8ms)


Started GET "/assets/bootstrap/carousel.js?body=1" for 127.0.0.1 at 2015-08-17 17:59:49 -0400
Served asset /bootstrap/carousel.js - 304 Not Modified (4ms)


Started GET "/assets/bootstrap/collapse.js?body=1" for 127.0.0.1 at 2015-08-17 17:59:49 -0400
Served asset /bootstrap/collapse.js - 304 Not Modified (45ms)


Started GET "/assets/bootstrap/dropdown.js?body=1" for 127.0.0.1 at 2015-08-17 17:59:49 -0400
Served asset /bootstrap/dropdown.js - 304 Not Modified (6ms)


Started GET "/assets/bootstrap/tab.js?body=1" for 127.0.0.1 at 2015-08-17 17:59:49 -0400
Served asset /bootstrap/tab.js - 304 Not Modified (5ms)


Started GET "/assets/bootstrap/transition.js?body=1" for 127.0.0.1 at 2015-08-17 17:59:49 -0400
Served asset /bootstrap/transition.js - 304 Not Modified (7ms)


Started GET "/assets/bootstrap/scrollspy.js?body=1" for 127.0.0.1 at 2015-08-17 17:59:49 -0400
Served asset /bootstrap/scrollspy.js - 304 Not Modified (9ms)


Started GET "/assets/bootstrap/modal.js?body=1" for 127.0.0.1 at 2015-08-17 17:59:49 -0400
Served asset /bootstrap/modal.js - 304 Not Modified (6ms)


Started GET "/assets/bootstrap/tooltip.js?body=1" for 127.0.0.1 at 2015-08-17 17:59:49 -0400
Served asset /bootstrap/tooltip.js - 304 Not Modified (5ms)


Started GET "/assets/bootstrap/popover.js?body=1" for 127.0.0.1 at 2015-08-17 17:59:49 -0400
Served asset /bootstrap/popover.js - 304 Not Modified (9ms)


Started GET "/assets/bootstrap-sprockets.js?body=1" for 127.0.0.1 at 2015-08-17 17:59:49 -0400
Served asset /bootstrap-sprockets.js - 304 Not Modified (32ms)


Started GET "/assets/todos.js?body=1" for 127.0.0.1 at 2015-08-17 17:59:49 -0400
Served asset /todos.js - 304 Not Modified (4ms)


Started GET "/assets/application.js?body=1" for 127.0.0.1 at 2015-08-17 17:59:49 -0400
Served asset /application.js - 304 Not Modified (43ms)
